
Attaching package: 'dplyr'

The following objects are masked from 'package:stats':

    filter, lag

The following objects are masked from 'package:base':

    intersect, setdiff, setequal, union

Warning message:
package 'xml2' was built under R version 4.3.2 
Warning message:
package 'magrittr' was built under R version 4.3.2 

Attaching package: 'dplyr'

The following objects are masked from 'package:stats':

    filter, lag

The following objects are masked from 'package:base':

    intersect, setdiff, setequal, union

Warning message:
package 'xml2' was built under R version 4.3.2 
Warning message:
package 'magrittr' was built under R version 4.3.2 

Attaching package: 'dplyr'

The following objects are masked from 'package:stats':

    filter, lag

The following objects are masked from 'package:base':

    intersect, setdiff, setequal, union

Warning message:
package 'xml2' was built under R version 4.3.2 
Warning message:
package 'magrittr' was built under R version 4.3.2 

Attaching package: 'dplyr'

The following objects are masked from 'package:stats':

    filter, lag

The following objects are masked from 'package:base':

    intersect, setdiff, setequal, union

Warning message:
package 'xml2' was built under R version 4.3.2 
Warning message:
package 'magrittr' was built under R version 4.3.2 

Attaching package: 'dplyr'

The following objects are masked from 'package:stats':

    filter, lag

The following objects are masked from 'package:base':

    intersect, setdiff, setequal, union

Warning message:
package 'xml2' was built under R version 4.3.2 
Warning message:
package 'magrittr' was built under R version 4.3.2 
Error occurred for station: Jennersdorf 
